0.5963246963619573 0.6522654961342933 0.4939287358954173 0.6931471805599455 0.0 0.1822854866185978
0.5962879794219518 0.652373925759208 0.4938527505495109 0.6931471805599456 0.0 0.1822854866185978
0.5963608593478784 0.6529161983100746 0.4937657244567971 0.6931471805599452 0.0 0.1822854866185978
0.5966002953148191 0.6523119328312816 0.49382650011541696 0.6931471805599452 0.0 0.1822854866185978
0.5964076214751799 0.652570086885971 0.49384929009894163 0.6931471805599454 0.0 0.1822854866185978
0.596662227998555 0.6526814454191707 0.49392051616857646 0.6931471805599454 0.0 0.1822854866185978
0.596662227998555 0.6526814454191707 0.49392051616857646 0.6931471805599454 0.0 0.1822854866185978
0.596662227998555 0.6526814454191707 0.49392051616857646 0.6931471805599454 0.0 0.1822854866185978
0.596662227998555 0.6526814454191707 0.49392051616857646 0.6931471805599454 0.0 0.1822854866185978
0.596662227998555 0.6526814454191707 0.49392051616857646 0.6931471805599454 0.0 0.1822854866185978
0.596662227998555 0.6526814454191707 0.49392051616857646 0.6931471805599454 0.0 0.1822854866185978
0.596662227998555 0.6526814454191707 0.49392051616857646 0.6931471805599454 0.0 0.1822854866185978
0.5910694476077097 0.6395099334969729 0.49392051616857646 0.6931471805599454 0.0 0.1822854866185978
0.5910694476077097 0.6395099334969729 0.49392051616857646 0.6931471805599454 0.0 0.1822854866185978
0.5910406351875 0.6391134899291311 0.49395986183331486 0.6931471805599454 0.0 0.1822854866185978
0.5908205801359085 0.6389054666969751 0.4939294152170536 0.6931471805599454 0.0 0.1822854866185978
0.5910250251262656 0.6392252460091495 0.4940214074100694 0.6931471805599454 0.0 0.1822854866185978
0.5906515667211678 0.6389814829541453 0.49382965457011874 0.6931471805599452 0.0 0.1822854866185978
0.5910383436993332 0.6393833197786406 0.4938492841966975 0.6931471805599454 0.0 0.1822854866185978
0.5907535354561735 0.6391897567056293 0.49389314964271225 0.6931471805599452 0.0 0.1822854866185978
0.5907052983302833 0.6390216881138602 0.4939011244455478 0.6931471805599452 0.0 0.1822854866185978
0.5907052983302833 0.6390216881138602 0.4939011244455478 0.6931471805599452 0.0 0.1822854866185978
0.5909769868258337 0.6389567452974341 0.4939341523141565 0.6931471805599454 0.0 0.1822854866185978
0.5906835482337403 0.6397744590763643 0.49387289959799585 0.6931471805599452 0.0 0.1822854866185978
0.591015190647656 0.6386249350386832 0.49391556657637237 0.6931471805599455 0.0 0.1822854866185978
0.5907746583041132 0.639302364596136 0.49376122190065497 0.6931471805599452 0.0 0.1822854866185978
0.5909529210318405 0.639095815064796 0.4938828307596532 0.6931471805599452 0.0 0.1822854866185978
0.5909029337063256 0.6391009586255679 0.4939294132873293 0.6931471805599454 0.0 0.1822854866185978
0.5906702037217944 0.6391793331992384 0.4939512936394258 0.6931471805599454 0.0 0.1822854866185978
0.5910620973836906 0.6391760653222458 0.49397357258663555 0.6931471805599452 0.0 0.1822854866185978
0.5905014292745974 0.6388281085047394 0.4937512050345053 0.6931471805599452 0.0 0.1822854866185978
0.5911838349728036 0.6389116817688507 0.4939452088477173 0.6931471805599452 0.0 0.1822854866185978
0.5910202659487067 0.6394893919783717 0.4938771116389122 0.6931471805599455 0.0 0.1822854866185978
0.5908219439008925 0.6388917791650195 0.4938691055606078 0.6931471805599452 0.0 0.1822854866185978
0.5908133523591012 0.6391249894147297 0.4937872303721421 0.6931471805599454 0.0 0.1822854866185978
0.5907895175103458 0.6392302488445522 0.4938400065018943 0.6931471805599454 0.0 0.1822854866185978
0.5910757239607691 0.6387758205502173 0.493921002729527 0.6931471805599454 0.0 0.1822854866185978
0.5909945799873046 0.6383995825019015 0.493851893966492 0.6931471805599452 0.0 0.1822854866185978
0.5908985793101288 0.6386372779213694 0.4938352081927684 0.6931471805599452 0.0 0.1822854866185978
0.5908522890360017 0.6387183782022474 0.4939004736578241 0.6931471805599454 0.0 0.1822854866185978
0.590690298268814 0.6395857858067886 0.49380639673313753 0.6931471805599454 0.0 0.1822854866185978
0.5907197594149012 0.6388875155386426 0.4937605052228523 0.6931471805599455 0.0 0.1822854866185978
0.5909011001146505 0.6384591253786779 0.49395841311471667 0.6931471805599454 0.0 0.1822854866185978
0.5910110486479665 0.6392839825776082 0.49395061577339827 0.6931471805599454 0.0 0.1822854866185978
0.5909537551874877 0.639123603925356 0.4938644908179911 0.6931471805599454 0.0 0.1822854866185978
0.5910791093683228 0.6390213884977592 0.4939102937656973 0.6931471805599455 0.0 0.1822854866185978
0.5910586992702257 0.6387957897303842 0.4939240763637157 0.6931471805599454 0.0 0.1822854866185978
0.5909649574980445 0.6392154274664832 0.49397373985458215 0.6931471805599454 0.0 0.1822854866185978
0.5909107509863354 0.639149839668115 0.4938159521089377 0.6931471805599452 0.0 0.1822854866185978
0.5910389164039827 0.6388465083876191 0.493857992169103 0.6931471805599452 0.0 0.1822854866185978
0.5907320141224471 0.639033009838792 0.4937931011429946 0.6931471805599452 0.0 0.1822854866185978
0.5908376663256304 0.6391852861446509 0.4937937602442849 0.6931471805599454 0.0 0.1822854866185978
0.5910285586100421 0.6388759322404785 0.4939249049387655 0.6931471805599457 0.0 0.1822854866185978
0.5907754222918815 0.6391467548364448 0.49389533072104186 0.6931471805599454 0.0 0.1822854866185978
0.5908695791912716 0.6392750111180199 0.4938309723793859 0.6931471805599454 0.0 0.1822854866185978
0.5907338146434375 0.6391553978528666 0.49389466912172053 0.6931471805599454 0.0 0.1822854866185978
0.6043249697157218 0.6699456361834235 0.49378451126882483 0.6925651430799131 0.0 0.18742725620965356
0.6043249697157218 0.6699456361834235 0.49378451126882483 0.6925651430799131 0.0 0.18742725620965356
0.6043249697157218 0.6699456361834235 0.49378451126882483 0.6925651430799131 0.0 0.18742725620965356
0.6043249697157218 0.6699456361834235 0.49378451126882483 0.6925651430799131 0.0 0.18742725620965356
0.6194674165542546 0.6693662429970562 0.49625045543558943 nan 0.0 0.03275010889027648
0.6195489290602013 0.6694393568050527 0.496271562396337 nan 0.0 0.03275010889027648
0.6194937534580365 0.6693802650903937 0.49625734377272757 nan 0.0 0.03275010889027648
0.6195049389419529 0.6693970015682262 0.4962597524668225 nan 0.0 0.03275010889027648
0.6194792742876742 0.6694787028624785 0.49625739606028635 nan 0.0 0.03275010889027648
0.6194520225084978 0.669426171014943 0.49625379690713367 nan 0.0 0.03275010889027648
0.6194931792105203 0.6693502432153182 0.49625693081064326 nan 0.0 0.03275010889027648
0.24432056223297785 0.6259454886212675 0.31423830577671524 0.6930563745510189 0.03972452885343127 0.11131239987009162
0.24347191102116858 0.6256317851343887 0.3126728741953351 0.6929768489819461 0.03972452885343128 0.1071271202785577
0.24189685809252764 0.6248587039691603 0.3111249193724422 0.6927803033901523 0.03597375665014838 0.10688893497566272
0.405475300121939 0.5860985944647412 0.39519111548730035 nan 0.01764922746459481 0.036838893754178495
0.4210381070154865 0.5937061561580028 0.40192133626884197 nan 0.02125840692946459 0.03369269771611491
0.43728593368578866 0.5999173865011369 0.4091803330519155 nan 0.02125840692946459 0.04006746516507839
0.4541598134511192 0.6051273946902054 0.41691236674280024 nan 0.02125840692946459 0.04006746516507839
0.47084211426136924 0.6099014618632277 0.42465090743624934 nan 0.02125840692946459 0.04326952887514242
0.4864808344956124 0.6152148769109829 0.4320895932238946 nan 0.0248950055770405 0.043770365559778104
0.5001825142153691 0.6197156312732376 0.4387528111524941 nan 0.0248950055770405 0.047002579259423166
0.5116727537409568 0.6245984585655638 0.44424445249925104 nan 0.028559461849879314 0.047002579259423166
0.5205940387921157 0.628869037511567 0.44844712601177217 nan 0.03225222523462628 0.04337965238834976
0.5264315456526293 0.6329636563478687 0.4512520932559727 nan 0.03597375665014845 0.0438348260175113
0.5264315456526293 0.6329636563478687 0.4512520932559727 nan 0.03597375665014845 0.0438348260175113
0.5264315456526293 0.6329636563478687 0.4512520932559727 nan 0.03597375665014845 0.0438348260175113
0.3326705927146622 0.6517949487456217 0.3433549900735443 0.6883497775422882 0.03972452885343121 0.04868728605897315
0.3329395722844274 0.6519007363183524 0.34392338438692227 0.6887169396279531 0.035973756650148375 0.04868728605897315
0.33369572250844315 0.6525067590979221 0.3445361845141863 0.688914733966343 0.035973756650148375 0.04551900492146197
0.33404219052279177 0.6526097101265288 0.344955623462588 0.6890685990136505 0.03597375665014838 0.04551900492146197
0.3347403731580487 0.6527911794844488 0.3454608936924678 0.6891641681473007 0.03597375665014838 0.04551900492146197
0.3349636265994166 0.6531558211251397 0.34584996887030056 0.6893690504317265 0.03597375665014838 0.04551900492146197
0.33588118078090706 0.6533043707357813 0.34641946215236885 0.6894672322895021 0.03597375665014838 0.04551900492146197
0.3365014484503517 0.6530987380773388 0.3469027302619743 0.6896462511565504 0.03597375665014838 0.04551900492146197
0.33728062801198244 0.6535003613462129 0.34733858387100597 0.6896979022304328 0.03597375665014838 0.04551900492146197
0.3378879479589364 0.6536523721679193 0.34780900298111805 0.6897297472837127 0.03597375665014838 0.04551900492146197
0.3385363732162363 0.6536984981303866 0.34818880969370003 0.6898571736015581 0.03597375665014838 0.04551900492146197
0.3390003399044881 0.6538915466789053 0.34859874820154146 0.6898834796467078 0.03597375665014838 0.038587533115862514
0.33961173724956145 0.6538318084956827 0.34889743189632416 0.6899439982169987 0.03225222523462622 0.035540549862338094
0.3402371431519666 0.654018009310004 0.3492704853423894 0.6899944001649067 0.03225222523462622 0.035540549862338094
0.34060095018408476 0.6541935423407845 0.3495589954656444 0.6900935518825824 0.03225222523462622 0.035540549862338094
0.3411037811811174 0.6541399774172587 0.3497579490668997 0.6900771487768802 0.03225222523462622 0.035540549862338094
0.3415223439555249 0.654253861015171 0.3500671855866805 0.6901292706181994 0.03225222523462622 0.035540549862338094
0.3418591246487942 0.6542684951293413 0.35027111729413696 0.6901781652163566 0.03225222523462622 0.035540549862338094
0.34216512126884574 0.6543583002838607 0.35049883652113356 0.690095378611603 0.03225222523462622 0.035540549862338094
0.34251750197208575 0.6542111863917479 0.35066984380592203 0.6901729840040319 0.03225222523462622 0.035540549862338094
0.34290731455719015 0.6542428091579775 0.35082674427340377 0.6902552357835309 0.03225222523462622 0.035540549862338094
0.3429129086489925 0.6542656602571639 0.35100941933193086 0.6902428625205258 0.03225222523462622 0.035540549862338094
0.3431397466178616 0.6543423778259523 0.3510678793051568 0.6902623643964387 0.03225222523462622 0.035540549862338094
0.34370138497950464 0.654488914084681 0.3512906026400041 0.690300115288909 0.03225222523462622 0.035540549862338094
0.34373971225750344 0.654427893603326 0.35143258027113433 0.6903888772274428 0.03225222523462622 0.035540549862338094
0.3436923878220415 0.6543332058586684 0.3514410982437688 0.6903283339275448 0.03225222523462622 0.035540549862338094
0.3440295008882129 0.6542998087297212 0.3515946418228837 0.6904105406231185 0.03225222523462622 0.035540549862338094
0.34420737522132705 0.6542609519333452 0.3516945062161714 0.6902756617776762 0.03225222523462622 0.035540549862338094
0.34421135929975444 0.6542241743584103 0.35174361783656516 0.6903219461859575 0.03225222523462622 0.035540549862338094
