0 2310.546630859375 0.00036188270556240934
0 2444.698486328125 0.0003730869840771305
1 2344.570556640625 9.81311972494732e-07
2 2454.039306640625 1.3740960747895352e-07
0 2390.802734375 0.00034986094157130136
1 2301.115478515625 1.4389457444880018e-06
0 2359.140380859375 0.0003509462724555942
1 2402.9580078125 1.0188286731973913e-06
2 2322.026123046875 1.8813902609050793e-08
3 2354.91357421875 3.599181841045279e-09
0 2310.54931640625 0.00040190460792614087
1 2355.110107421875 9.557401591151032e-07
2 2379.095703125 2.241308224955887e-08
3 2331.015625 3.980912022920438e-09
4 2327.99560546875 1.417859643254516e-09
5 2381.98291015625 2.181322643098882e-10
6 2304.0986328125 1.6359919823241614e-10
7 2358.00341796875 1.6359919823241614e-10
8 2357.900146484375 2.7266533038736023e-10
9 2492.8203125 1.0906612565409564e-10
10 2385.034912109375 0.0
11 2371.564697265625 1.635991917315677e-10
12 2357.925048828125 4.907973639171284e-10
13 2327.975341796875 1.4723904795409691e-09
14 2322.109619140625 5.453306607747205e-11
15 2395.51904296875 1.6359919823241614e-10
16 2371.55029296875 3.2719836396059e-10
17 2351.99560546875 1.090661321549441e-10
18 2354.998779296875 5.453306607747205e-11
19 2381.9140625 0.0
20 2292.0986328125 0.0
21 2435.72802734375 5.453306607747205e-11
22 2331.044677734375 0.0
23 2355.029296875 0.0
24 2354.984375 0.0
25 2384.94384765625 0.0
26 2406.0166015625 0.0
27 2378.97314453125 0.0
28 2331.0361328125 0.0
29 2439.041259765625 0.0
0 110560.4921875 0.00011971833305993855
0 110548.8203125 0.00018346324925538673
1 110562.2265625 2.1613361588208227e-07
2 110538.1875 9.158204062800096e-10
3 110529.1875 0.0
4 110541.1875 0.0
0 366618.5 0.016013481323911345
1 108234.3125 7.190121273377793e-05
0 380879.0 0.0019378290438926784
1 70920.8671875 1.0972902197843935e-05
2 74283.078125 1.801113465684019e-08
3 77586.0859375 0.0
4 81951.0859375 0.0
5 84939.09375 0.0
6 87387.09375 0.0
7 89421.1015625 0.0
8 91398.1015625 0.0
9 93204.109375 0.0
0 486130.28125 0.005992960036945709
1 75224.515625 1.1824920449153104e-05
2 75372.09375 1.1905665281640124e-08
3 75390.09375 0.0
4 75705.09375 0.0
5 75117.09375 0.0
6 75501.09375 0.0
7 75339.09375 0.0
8 75543.09375 0.0
9 75969.09375 0.0
10 75426.09375 0.0
11 74907.09375 0.0
12 75165.09375 0.0
13 75138.09375 0.0
14 74712.09375 0.0
15 75222.09375 0.0
16 74526.09375 0.0
17 75108.09375 0.0
18 74817.09375 0.0
19 74988.09375 0.0
20 74976.09375 0.0
21 74826.09375 0.0
22 74958.09375 0.0
23 74748.09375 0.0
24 74424.09375 0.0
25 74214.09375 0.0
26 74553.09375 0.0
27 74367.09375 0.0
28 74475.09375 0.0
29 74118.09375 0.0
